<?xml version="1.0" encoding="UTF-8"?>
<coverage generated="1570661418518" clover="3.2.0">
  <project timestamp="1570661418519" name="All files">
    <metrics statements="110" coveredstatements="104" conditionals="104" coveredconditionals="96" methods="21" coveredmethods="21" elements="235" coveredelements="221" complexity="0" loc="110" ncloc="110" packages="3" files="5" classes="5"/>
    <package name="client">
      <metrics statements="15" coveredstatements="15" conditionals="2" coveredconditionals="2" methods="5" coveredmethods="5"/>
      <file name="app.jsx" path="/Users/manuelduran/Desktop/Projects/HRRPT/rpt14-mini-apps-2/challenge_4/client/app.jsx">
        <metrics statements="15" coveredstatements="15" conditionals="2" coveredconditionals="2" methods="5" coveredmethods="5"/>
        <line num="8" count="4" type="stmt"/>
        <line num="9" count="4" type="stmt"/>
        <line num="13" count="4" type="stmt"/>
        <line num="17" count="5" type="stmt"/>
        <line num="18" count="5" type="stmt"/>
        <line num="24" count="1" type="stmt"/>
        <line num="25" count="1" type="stmt"/>
        <line num="26" count="1" type="stmt"/>
        <line num="27" count="1" type="stmt"/>
        <line num="28" count="1" type="stmt"/>
        <line num="31" count="1" type="stmt"/>
        <line num="34" count="1" type="stmt"/>
        <line num="35" count="1" type="stmt"/>
        <line num="36" count="1" type="stmt"/>
        <line num="41" count="11" type="stmt"/>
      </file>
    </package>
    <package name="client.components">
      <metrics statements="8" coveredstatements="8" conditionals="6" coveredconditionals="6" methods="6" coveredmethods="6"/>
      <file name="Board.jsx" path="/Users/manuelduran/Desktop/Projects/HRRPT/rpt14-mini-apps-2/challenge_4/client/components/Board.jsx">
        <metrics statements="3" coveredstatements="3" conditionals="0" coveredconditionals="0" methods="2" coveredmethods="2"/>
        <line num="5" count="8" type="stmt"/>
        <line num="6" count="80" type="stmt"/>
        <line num="9" count="8" type="stmt"/>
      </file>
      <file name="Cell.jsx" path="/Users/manuelduran/Desktop/Projects/HRRPT/rpt14-mini-apps-2/challenge_4/client/components/Cell.jsx">
        <metrics statements="2" coveredstatements="2" conditionals="6" coveredconditionals="6" methods="2" coveredmethods="2"/>
        <line num="4" count="601" type="stmt"/>
        <line num="5" count="1" type="stmt"/>
      </file>
      <file name="Row.jsx" path="/Users/manuelduran/Desktop/Projects/HRRPT/rpt14-mini-apps-2/challenge_4/client/components/Row.jsx">
        <metrics statements="3" coveredstatements="3" conditionals="0" coveredconditionals="0" methods="2" coveredmethods="2"/>
        <line num="5" count="62" type="stmt"/>
        <line num="6" count="620" type="stmt"/>
        <line num="8" count="62" type="stmt"/>
      </file>
    </package>
    <package name="client.helpers">
      <metrics statements="87" coveredstatements="81" conditionals="96" coveredconditionals="88" methods="10" coveredmethods="10"/>
      <file name="index.js" path="/Users/manuelduran/Desktop/Projects/HRRPT/rpt14-mini-apps-2/challenge_4/client/helpers/index.js">
        <metrics statements="87" coveredstatements="81" conditionals="96" coveredconditionals="88" methods="10" coveredmethods="10"/>
        <line num="2" count="10" type="stmt"/>
        <line num="3" count="10" type="stmt"/>
        <line num="4" count="100" type="stmt"/>
        <line num="5" count="100" type="stmt"/>
        <line num="7" count="10" type="stmt"/>
        <line num="8" count="10" type="stmt"/>
        <line num="12" count="106" type="stmt"/>
        <line num="13" count="106" type="stmt"/>
        <line num="14" count="106" type="stmt"/>
        <line num="18" count="106" type="stmt"/>
        <line num="19" count="106" type="cond" truecount="2" falsecount="0"/>
        <line num="20" count="6" type="stmt"/>
        <line num="22" count="100" type="stmt"/>
        <line num="24" count="106" type="stmt"/>
        <line num="28" count="10" type="stmt"/>
        <line num="29" count="100" type="stmt"/>
        <line num="31" count="10" type="stmt"/>
        <line num="36" count="96" type="cond" truecount="4" falsecount="0"/>
        <line num="37" count="21" type="stmt"/>
        <line num="39" count="96" type="cond" truecount="4" falsecount="0"/>
        <line num="40" count="9" type="stmt"/>
        <line num="42" count="96" type="cond" truecount="4" falsecount="0"/>
        <line num="43" count="46" type="stmt"/>
        <line num="45" count="96" type="cond" truecount="4" falsecount="0"/>
        <line num="46" count="15" type="stmt"/>
        <line num="48" count="96" type="cond" truecount="4" falsecount="0"/>
        <line num="49" count="6" type="stmt"/>
        <line num="51" count="96" type="cond" truecount="4" falsecount="0"/>
        <line num="52" count="10" type="stmt"/>
        <line num="54" count="96" type="cond" truecount="4" falsecount="0"/>
        <line num="55" count="11" type="stmt"/>
        <line num="57" count="96" type="cond" truecount="4" falsecount="0"/>
        <line num="58" count="6" type="stmt"/>
        <line num="60" count="96" type="stmt"/>
        <line num="64" count="136" type="stmt"/>
        <line num="65" count="136" type="cond" truecount="5" falsecount="0"/>
        <line num="66" count="10" type="stmt"/>
        <line num="68" count="136" type="cond" truecount="5" falsecount="0"/>
        <line num="69" count="14" type="stmt"/>
        <line num="71" count="136" type="cond" truecount="5" falsecount="0"/>
        <line num="72" count="13" type="stmt"/>
        <line num="74" count="136" type="cond" truecount="5" falsecount="0"/>
        <line num="75" count="5" type="stmt"/>
        <line num="77" count="136" type="cond" truecount="5" falsecount="0"/>
        <line num="78" count="9" type="stmt"/>
        <line num="80" count="136" type="cond" truecount="5" falsecount="0"/>
        <line num="81" count="9" type="stmt"/>
        <line num="83" count="136" type="cond" truecount="5" falsecount="0"/>
        <line num="84" count="7" type="stmt"/>
        <line num="86" count="136" type="cond" truecount="5" falsecount="0"/>
        <line num="87" count="5" type="stmt"/>
        <line num="89" count="136" type="stmt"/>
        <line num="93" count="31" type="stmt"/>
        <line num="94" count="31" type="stmt"/>
        <line num="98" count="126" type="cond" truecount="3" falsecount="1"/>
        <line num="99" count="126" type="stmt"/>
        <line num="100" count="126" type="cond" truecount="2" falsecount="0"/>
        <line num="101" count="31" type="stmt"/>
        <line num="102" count="31" type="stmt"/>
        <line num="104" count="95" type="stmt"/>
        <line num="105" count="95" type="stmt"/>
        <line num="107" count="0" type="cond" truecount="0" falsecount="2"/>
        <line num="108" count="0" type="stmt"/>
        <line num="109" count="0" type="stmt"/>
        <line num="110" count="0" type="stmt"/>
        <line num="111" count="0" type="cond" truecount="0" falsecount="5"/>
        <line num="112" count="0" type="stmt"/>
        <line num="120" count="9" type="stmt"/>
        <line num="121" count="9" type="stmt"/>
        <line num="122" count="90" type="stmt"/>
        <line num="123" count="900" type="cond" truecount="2" falsecount="0"/>
        <line num="124" count="55" type="stmt"/>
        <line num="129" count="9" type="cond" truecount="2" falsecount="0"/>
        <line num="130" count="2" type="stmt"/>
        <line num="131" count="2" type="stmt"/>
        <line num="134" count="7" type="stmt"/>
        <line num="135" count="70" type="stmt"/>
        <line num="136" count="700" type="stmt"/>
        <line num="137" count="700" type="cond" truecount="2" falsecount="0"/>
        <line num="138" count="124" type="stmt"/>
        <line num="139" count="124" type="cond" truecount="2" falsecount="0"/>
        <line num="140" count="94" type="stmt"/>
        <line num="145" count="7" type="stmt"/>
        <line num="146" count="7" type="stmt"/>
        <line num="149" count="2" type="stmt"/>
        <line num="150" count="2" type="stmt"/>
        <line num="153" count="5" type="stmt"/>
      </file>
    </package>
  </project>
</coverage>
