<?xml version="1.0" encoding="UTF-8"?>
<coverage generated="1570574252158" clover="3.2.0">
  <project timestamp="1570574252158" name="All files">
    <metrics statements="36" coveredstatements="36" conditionals="4" coveredconditionals="4" methods="14" coveredmethods="14" elements="54" coveredelements="54" complexity="0" loc="36" ncloc="36" packages="3" files="5" classes="5"/>
    <package name="client">
      <metrics statements="10" coveredstatements="10" conditionals="2" coveredconditionals="2" methods="4" coveredmethods="4"/>
      <file name="app.jsx" path="/Users/manuelduran/Desktop/Projects/HRRPT/rpt14-mini-apps-2/challenge_4/client/app.jsx">
        <metrics statements="10" coveredstatements="10" conditionals="2" coveredconditionals="2" methods="4" coveredmethods="4"/>
        <line num="8" count="4" type="stmt"/>
        <line num="9" count="4" type="stmt"/>
        <line num="13" count="4" type="stmt"/>
        <line num="17" count="5" type="stmt"/>
        <line num="18" count="5" type="stmt"/>
        <line num="24" count="1" type="stmt"/>
        <line num="25" count="1" type="stmt"/>
        <line num="26" count="1" type="stmt"/>
        <line num="27" count="1" type="stmt"/>
        <line num="33" count="10" type="stmt"/>
      </file>
    </package>
    <package name="client.components">
      <metrics statements="8" coveredstatements="8" conditionals="0" coveredconditionals="0" methods="6" coveredmethods="6"/>
      <file name="Board.jsx" path="/Users/manuelduran/Desktop/Projects/HRRPT/rpt14-mini-apps-2/challenge_4/client/components/Board.jsx">
        <metrics statements="3" coveredstatements="3" conditionals="0" coveredconditionals="0" methods="2" coveredmethods="2"/>
        <line num="5" count="7" type="stmt"/>
        <line num="6" count="70" type="stmt"/>
        <line num="9" count="7" type="stmt"/>
      </file>
      <file name="Cell.jsx" path="/Users/manuelduran/Desktop/Projects/HRRPT/rpt14-mini-apps-2/challenge_4/client/components/Cell.jsx">
        <metrics statements="2" coveredstatements="2" conditionals="0" coveredconditionals="0" methods="2" coveredmethods="2"/>
        <line num="4" count="500" type="stmt"/>
        <line num="5" count="1" type="stmt"/>
      </file>
      <file name="Row.jsx" path="/Users/manuelduran/Desktop/Projects/HRRPT/rpt14-mini-apps-2/challenge_4/client/components/Row.jsx">
        <metrics statements="3" coveredstatements="3" conditionals="0" coveredconditionals="0" methods="2" coveredmethods="2"/>
        <line num="5" count="51" type="stmt"/>
        <line num="6" count="510" type="stmt"/>
        <line num="8" count="51" type="stmt"/>
      </file>
    </package>
    <package name="client.helpers">
      <metrics statements="18" coveredstatements="18" conditionals="2" coveredconditionals="2" methods="4" coveredmethods="4"/>
      <file name="index.js" path="/Users/manuelduran/Desktop/Projects/HRRPT/rpt14-mini-apps-2/challenge_4/client/helpers/index.js">
        <metrics statements="18" coveredstatements="18" conditionals="2" coveredconditionals="2" methods="4" coveredmethods="4"/>
        <line num="2" count="8" type="stmt"/>
        <line num="3" count="8" type="stmt"/>
        <line num="4" count="80" type="stmt"/>
        <line num="5" count="80" type="stmt"/>
        <line num="7" count="8" type="stmt"/>
        <line num="8" count="8" type="stmt"/>
        <line num="12" count="84" type="stmt"/>
        <line num="13" count="84" type="stmt"/>
        <line num="14" count="84" type="stmt"/>
        <line num="18" count="84" type="stmt"/>
        <line num="19" count="84" type="cond" truecount="2" falsecount="0"/>
        <line num="20" count="4" type="stmt"/>
        <line num="22" count="80" type="stmt"/>
        <line num="24" count="84" type="stmt"/>
        <line num="28" count="8" type="stmt"/>
        <line num="29" count="80" type="stmt"/>
        <line num="31" count="8" type="stmt"/>
        <line num="34" count="4" type="stmt"/>
      </file>
    </package>
  </project>
</coverage>
