{"/Users/manuelduran/Desktop/Projects/HRRPT/rpt14-mini-apps-2/challenge_4/client/app.jsx": {"path":"/Users/manuelduran/Desktop/Projects/HRRPT/rpt14-mini-apps-2/challenge_4/client/app.jsx","statementMap":{"0":{"start":{"line":8,"column":4},"end":{"line":8,"column":17}},"1":{"start":{"line":9,"column":4},"end":{"line":12,"column":6}},"2":{"start":{"line":13,"column":4},"end":{"line":13,"column":61}},"3":{"start":{"line":17,"column":16},"end":{"line":17,"column":29}},"4":{"start":{"line":18,"column":4},"end":{"line":20,"column":6}},"5":{"start":{"line":24,"column":4},"end":{"line":24,"column":15}},"6":{"start":{"line":25,"column":17},"end":{"line":25,"column":25}},"7":{"start":{"line":26,"column":12},"end":{"line":26,"column":48}},"8":{"start":{"line":27,"column":12},"end":{"line":27,"column":48}},"9":{"start":{"line":28,"column":16},"end":{"line":28,"column":52}},"10":{"start":{"line":31,"column":4},"end":{"line":37,"column":6}},"11":{"start":{"line":34,"column":18},"end":{"line":34,"column":66}},"12":{"start":{"line":35,"column":6},"end":{"line":35,"column":37}},"13":{"start":{"line":36,"column":6},"end":{"line":36,"column":29}},"14":{"start":{"line":41,"column":4},"end":{"line":45,"column":5}}},"fnMap":{"0":{"name":"(anonymous_0)","decl":{"start":{"line":7,"column":2},"end":{"line":7,"column":3}},"loc":{"start":{"line":7,"column":21},"end":{"line":14,"column":3}},"line":7},"1":{"name":"(anonymous_1)","decl":{"start":{"line":16,"column":2},"end":{"line":16,"column":3}},"loc":{"start":{"line":16,"column":22},"end":{"line":21,"column":3}},"line":16},"2":{"name":"(anonymous_2)","decl":{"start":{"line":23,"column":2},"end":{"line":23,"column":3}},"loc":{"start":{"line":23,"column":22},"end":{"line":38,"column":3}},"line":23},"3":{"name":"(anonymous_3)","decl":{"start":{"line":33,"column":7},"end":{"line":33,"column":8}},"loc":{"start":{"line":33,"column":13},"end":{"line":37,"column":5}},"line":33},"4":{"name":"(anonymous_4)","decl":{"start":{"line":40,"column":2},"end":{"line":40,"column":3}},"loc":{"start":{"line":40,"column":11},"end":{"line":46,"column":3}},"line":40}},"branchMap":{"0":{"loc":{"start":{"line":43,"column":9},"end":{"line":43,"column":109}},"type":"cond-expr","locations":[{"start":{"line":43,"column":28},"end":{"line":43,"column":102}},{"start":{"line":43,"column":105},"end":{"line":43,"column":109}}],"line":43}},"s":{"0":4,"1":4,"2":4,"3":5,"4":5,"5":1,"6":1,"7":1,"8":1,"9":1,"10":1,"11":1,"12":1,"13":1,"14":11},"f":{"0":4,"1":5,"2":1,"3":1,"4":11},"b":{"0":[7,4]},"_coverageSchema":"43e27e138ebf9cfc5966b082cf9a028302ed4184","hash":"e30989369b0653b50c7079129384fd58f3b692aa"}
,"/Users/manuelduran/Desktop/Projects/HRRPT/rpt14-mini-apps-2/challenge_4/client/components/Board.jsx": {"path":"/Users/manuelduran/Desktop/Projects/HRRPT/rpt14-mini-apps-2/challenge_4/client/components/Board.jsx","statementMap":{"0":{"start":{"line":5,"column":13},"end":{"line":7,"column":4}},"1":{"start":{"line":6,"column":4},"end":{"line":6,"column":89}},"2":{"start":{"line":9,"column":2},"end":{"line":13,"column":3}}},"fnMap":{"0":{"name":"Board","decl":{"start":{"line":4,"column":9},"end":{"line":4,"column":14}},"loc":{"start":{"line":4,"column":44},"end":{"line":14,"column":1}},"line":4},"1":{"name":"(anonymous_1)","decl":{"start":{"line":5,"column":23},"end":{"line":5,"column":24}},"loc":{"start":{"line":5,"column":37},"end":{"line":7,"column":3}},"line":5}},"branchMap":{},"s":{"0":8,"1":80,"2":8},"f":{"0":8,"1":80},"b":{},"_coverageSchema":"43e27e138ebf9cfc5966b082cf9a028302ed4184","hash":"62b1e323c117556d92e4f1ec6eeb5d6d5c80de5c"}
,"/Users/manuelduran/Desktop/Projects/HRRPT/rpt14-mini-apps-2/challenge_4/client/components/Cell.jsx": {"path":"/Users/manuelduran/Desktop/Projects/HRRPT/rpt14-mini-apps-2/challenge_4/client/components/Cell.jsx","statementMap":{"0":{"start":{"line":4,"column":2},"end":{"line":11,"column":3}},"1":{"start":{"line":5,"column":51},"end":{"line":5,"column":70}}},"fnMap":{"0":{"name":"Cell","decl":{"start":{"line":3,"column":9},"end":{"line":3,"column":13}},"loc":{"start":{"line":3,"column":55},"end":{"line":12,"column":1}},"line":3},"1":{"name":"(anonymous_1)","decl":{"start":{"line":5,"column":46},"end":{"line":5,"column":47}},"loc":{"start":{"line":5,"column":51},"end":{"line":5,"column":70}},"line":5}},"branchMap":{"0":{"loc":{"start":{"line":6,"column":7},"end":{"line":7,"column":12}},"type":"cond-expr","locations":[{"start":{"line":6,"column":33},"end":{"line":6,"column":37}},{"start":{"line":7,"column":8},"end":{"line":7,"column":12}}],"line":6},"1":{"loc":{"start":{"line":6,"column":7},"end":{"line":6,"column":30}},"type":"binary-expr","locations":[{"start":{"line":6,"column":7},"end":{"line":6,"column":15}},{"start":{"line":6,"column":19},"end":{"line":6,"column":30}}],"line":6},"2":{"loc":{"start":{"line":9,"column":7},"end":{"line":9,"column":31}},"type":"cond-expr","locations":[{"start":{"line":9,"column":21},"end":{"line":9,"column":24}},{"start":{"line":9,"column":27},"end":{"line":9,"column":31}}],"line":9}},"s":{"0":601,"1":1},"f":{"0":601,"1":1},"b":{"0":[15,586],"1":[601,586],"2":[18,583]},"_coverageSchema":"43e27e138ebf9cfc5966b082cf9a028302ed4184","hash":"fe4601326bfdacce3d36e07a7afb55c25e4065c6"}
,"/Users/manuelduran/Desktop/Projects/HRRPT/rpt14-mini-apps-2/challenge_4/client/components/Row.jsx": {"path":"/Users/manuelduran/Desktop/Projects/HRRPT/rpt14-mini-apps-2/challenge_4/client/components/Row.jsx","statementMap":{"0":{"start":{"line":5,"column":14},"end":{"line":7,"column":4}},"1":{"start":{"line":6,"column":4},"end":{"line":6,"column":102}},"2":{"start":{"line":8,"column":2},"end":{"line":12,"column":3}}},"fnMap":{"0":{"name":"Row","decl":{"start":{"line":4,"column":9},"end":{"line":4,"column":12}},"loc":{"start":{"line":4,"column":44},"end":{"line":13,"column":1}},"line":4},"1":{"name":"(anonymous_1)","decl":{"start":{"line":5,"column":22},"end":{"line":5,"column":23}},"loc":{"start":{"line":5,"column":36},"end":{"line":7,"column":3}},"line":5}},"branchMap":{},"s":{"0":62,"1":620,"2":62},"f":{"0":62,"1":620},"b":{},"_coverageSchema":"43e27e138ebf9cfc5966b082cf9a028302ed4184","hash":"e00dd5f9d5f747e2e9c4e30a597b54e5909fd8d9"}
,"/Users/manuelduran/Desktop/Projects/HRRPT/rpt14-mini-apps-2/challenge_4/client/helpers/index.js": {"path":"/Users/manuelduran/Desktop/Projects/HRRPT/rpt14-mini-apps-2/challenge_4/client/helpers/index.js","statementMap":{"0":{"start":{"line":2,"column":14},"end":{"line":2,"column":16}},"1":{"start":{"line":3,"column":2},"end":{"line":6,"column":3}},"2":{"start":{"line":4,"column":14},"end":{"line":4,"column":44}},"3":{"start":{"line":5,"column":4},"end":{"line":5,"column":20}},"4":{"start":{"line":7,"column":2},"end":{"line":7,"column":32}},"5":{"start":{"line":8,"column":2},"end":{"line":8,"column":15}},"6":{"start":{"line":12,"column":19},"end":{"line":12,"column":49}},"7":{"start":{"line":13,"column":19},"end":{"line":13,"column":49}},"8":{"start":{"line":14,"column":2},"end":{"line":14,"column":34}},"9":{"start":{"line":18,"column":13},"end":{"line":18,"column":25}},"10":{"start":{"line":19,"column":2},"end":{"line":23,"column":3}},"11":{"start":{"line":20,"column":4},"end":{"line":20,"column":20}},"12":{"start":{"line":22,"column":4},"end":{"line":22,"column":33}},"13":{"start":{"line":24,"column":2},"end":{"line":24,"column":15}},"14":{"start":{"line":28,"column":2},"end":{"line":30,"column":3}},"15":{"start":{"line":28,"column":15},"end":{"line":28,"column":16}},"16":{"start":{"line":29,"column":4},"end":{"line":29,"column":28}},"17":{"start":{"line":31,"column":2},"end":{"line":31,"column":15}},"18":{"start":{"line":36,"column":2},"end":{"line":38,"column":3}},"19":{"start":{"line":37,"column":4},"end":{"line":37,"column":29}},"20":{"start":{"line":39,"column":2},"end":{"line":41,"column":3}},"21":{"start":{"line":40,"column":4},"end":{"line":40,"column":25}},"22":{"start":{"line":42,"column":2},"end":{"line":44,"column":3}},"23":{"start":{"line":43,"column":4},"end":{"line":43,"column":29}},"24":{"start":{"line":45,"column":2},"end":{"line":47,"column":3}},"25":{"start":{"line":46,"column":4},"end":{"line":46,"column":25}},"26":{"start":{"line":48,"column":2},"end":{"line":50,"column":3}},"27":{"start":{"line":49,"column":4},"end":{"line":49,"column":29}},"28":{"start":{"line":51,"column":2},"end":{"line":53,"column":3}},"29":{"start":{"line":52,"column":4},"end":{"line":52,"column":25}},"30":{"start":{"line":54,"column":2},"end":{"line":56,"column":3}},"31":{"start":{"line":55,"column":4},"end":{"line":55,"column":29}},"32":{"start":{"line":57,"column":2},"end":{"line":59,"column":3}},"33":{"start":{"line":58,"column":4},"end":{"line":58,"column":25}},"34":{"start":{"line":60,"column":2},"end":{"line":60,"column":15}},"35":{"start":{"line":64,"column":16},"end":{"line":64,"column":17}},"36":{"start":{"line":65,"column":2},"end":{"line":67,"column":5}},"37":{"start":{"line":66,"column":4},"end":{"line":66,"column":14}},"38":{"start":{"line":68,"column":2},"end":{"line":70,"column":3}},"39":{"start":{"line":69,"column":4},"end":{"line":69,"column":14}},"40":{"start":{"line":71,"column":2},"end":{"line":73,"column":3}},"41":{"start":{"line":72,"column":4},"end":{"line":72,"column":14}},"42":{"start":{"line":74,"column":2},"end":{"line":76,"column":3}},"43":{"start":{"line":75,"column":4},"end":{"line":75,"column":14}},"44":{"start":{"line":77,"column":2},"end":{"line":79,"column":3}},"45":{"start":{"line":78,"column":4},"end":{"line":78,"column":14}},"46":{"start":{"line":80,"column":2},"end":{"line":82,"column":3}},"47":{"start":{"line":81,"column":4},"end":{"line":81,"column":14}},"48":{"start":{"line":83,"column":2},"end":{"line":85,"column":3}},"49":{"start":{"line":84,"column":4},"end":{"line":84,"column":14}},"50":{"start":{"line":86,"column":2},"end":{"line":88,"column":3}},"51":{"start":{"line":87,"column":4},"end":{"line":87,"column":14}},"52":{"start":{"line":89,"column":2},"end":{"line":89,"column":17}},"53":{"start":{"line":93,"column":2},"end":{"line":93,"column":22}},"54":{"start":{"line":94,"column":2},"end":{"line":94,"column":15}},"55":{"start":{"line":98,"column":2},"end":{"line":113,"column":3}},"56":{"start":{"line":99,"column":26},"end":{"line":99,"column":61}},"57":{"start":{"line":100,"column":4},"end":{"line":106,"column":5}},"58":{"start":{"line":101,"column":6},"end":{"line":101,"column":52}},"59":{"start":{"line":102,"column":6},"end":{"line":102,"column":19}},"60":{"start":{"line":104,"column":6},"end":{"line":104,"column":52}},"61":{"start":{"line":105,"column":6},"end":{"line":105,"column":19}},"62":{"start":{"line":107,"column":9},"end":{"line":113,"column":3}},"63":{"start":{"line":108,"column":4},"end":{"line":108,"column":44}},"64":{"start":{"line":109,"column":4},"end":{"line":109,"column":26}},"65":{"start":{"line":110,"column":4},"end":{"line":110,"column":17}},"66":{"start":{"line":111,"column":9},"end":{"line":113,"column":3}},"67":{"start":{"line":112,"column":4},"end":{"line":112,"column":17}},"68":{"start":{"line":120,"column":26},"end":{"line":120,"column":27}},"69":{"start":{"line":121,"column":6},"end":{"line":127,"column":7}},"70":{"start":{"line":122,"column":8},"end":{"line":126,"column":9}},"71":{"start":{"line":123,"column":10},"end":{"line":125,"column":11}},"72":{"start":{"line":124,"column":12},"end":{"line":124,"column":28}},"73":{"start":{"line":129,"column":6},"end":{"line":132,"column":7}},"74":{"start":{"line":130,"column":8},"end":{"line":130,"column":29}},"75":{"start":{"line":131,"column":8},"end":{"line":131,"column":15}},"76":{"start":{"line":134,"column":6},"end":{"line":144,"column":7}},"77":{"start":{"line":134,"column":19},"end":{"line":134,"column":20}},"78":{"start":{"line":135,"column":8},"end":{"line":143,"column":9}},"79":{"start":{"line":135,"column":21},"end":{"line":135,"column":22}},"80":{"start":{"line":136,"column":21},"end":{"line":136,"column":32}},"81":{"start":{"line":137,"column":10},"end":{"line":142,"column":11}},"82":{"start":{"line":138,"column":12},"end":{"line":138,"column":62}},"83":{"start":{"line":139,"column":12},"end":{"line":141,"column":13}},"84":{"start":{"line":140,"column":14},"end":{"line":140,"column":31}},"85":{"start":{"line":145,"column":6},"end":{"line":145,"column":27}},"86":{"start":{"line":146,"column":6},"end":{"line":146,"column":33}},"87":{"start":{"line":149,"column":2},"end":{"line":149,"column":22}},"88":{"start":{"line":150,"column":2},"end":{"line":150,"column":22}},"89":{"start":{"line":153,"column":0},"end":{"line":153,"column":119}}},"fnMap":{"0":{"name":"createBoard","decl":{"start":{"line":1,"column":9},"end":{"line":1,"column":20}},"loc":{"start":{"line":1,"column":23},"end":{"line":9,"column":1}},"line":1},"1":{"name":"createMine","decl":{"start":{"line":11,"column":9},"end":{"line":11,"column":19}},"loc":{"start":{"line":11,"column":22},"end":{"line":15,"column":1}},"line":11},"2":{"name":"setMines","decl":{"start":{"line":17,"column":9},"end":{"line":17,"column":17}},"loc":{"start":{"line":17,"column":25},"end":{"line":25,"column":1}},"line":17},"3":{"name":"setHiddenMines","decl":{"start":{"line":27,"column":9},"end":{"line":27,"column":23}},"loc":{"start":{"line":27,"column":31},"end":{"line":32,"column":1}},"line":27},"4":{"name":"setAdjacentCells","decl":{"start":{"line":34,"column":9},"end":{"line":34,"column":25}},"loc":{"start":{"line":34,"column":47},"end":{"line":61,"column":1}},"line":34},"5":{"name":"checkAdjacentCells","decl":{"start":{"line":63,"column":9},"end":{"line":63,"column":27}},"loc":{"start":{"line":63,"column":49},"end":{"line":90,"column":1}},"line":63},"6":{"name":"setBoard","decl":{"start":{"line":92,"column":9},"end":{"line":92,"column":17}},"loc":{"start":{"line":92,"column":38},"end":{"line":95,"column":1}},"line":92},"7":{"name":"handleCellOpen","decl":{"start":{"line":97,"column":9},"end":{"line":97,"column":23}},"loc":{"start":{"line":97,"column":71},"end":{"line":114,"column":1}},"line":97},"8":{"name":"recursivelyOpen","decl":{"start":{"line":116,"column":9},"end":{"line":116,"column":24}},"loc":{"start":{"line":116,"column":32},"end":{"line":151,"column":1}},"line":116},"9":{"name":"iterateBoard","decl":{"start":{"line":119,"column":13},"end":{"line":119,"column":25}},"loc":{"start":{"line":119,"column":33},"end":{"line":147,"column":5}},"line":119}},"branchMap":{"0":{"loc":{"start":{"line":19,"column":2},"end":{"line":23,"column":3}},"type":"if","locations":[{"start":{"line":19,"column":2},"end":{"line":23,"column":3}},{"start":{"line":19,"column":2},"end":{"line":23,"column":3}}],"line":19},"1":{"loc":{"start":{"line":36,"column":2},"end":{"line":38,"column":3}},"type":"if","locations":[{"start":{"line":36,"column":2},"end":{"line":38,"column":3}},{"start":{"line":36,"column":2},"end":{"line":38,"column":3}}],"line":36},"2":{"loc":{"start":{"line":36,"column":6},"end":{"line":36,"column":51}},"type":"binary-expr","locations":[{"start":{"line":36,"column":6},"end":{"line":36,"column":18}},{"start":{"line":36,"column":22},"end":{"line":36,"column":51}}],"line":36},"3":{"loc":{"start":{"line":39,"column":2},"end":{"line":41,"column":3}},"type":"if","locations":[{"start":{"line":39,"column":2},"end":{"line":41,"column":3}},{"start":{"line":39,"column":2},"end":{"line":41,"column":3}}],"line":39},"4":{"loc":{"start":{"line":39,"column":6},"end":{"line":39,"column":44}},"type":"binary-expr","locations":[{"start":{"line":39,"column":6},"end":{"line":39,"column":14}},{"start":{"line":39,"column":18},"end":{"line":39,"column":44}}],"line":39},"5":{"loc":{"start":{"line":42,"column":2},"end":{"line":44,"column":3}},"type":"if","locations":[{"start":{"line":42,"column":2},"end":{"line":44,"column":3}},{"start":{"line":42,"column":2},"end":{"line":44,"column":3}}],"line":42},"6":{"loc":{"start":{"line":42,"column":6},"end":{"line":42,"column":52}},"type":"binary-expr","locations":[{"start":{"line":42,"column":6},"end":{"line":42,"column":18}},{"start":{"line":42,"column":22},"end":{"line":42,"column":52}}],"line":42},"7":{"loc":{"start":{"line":45,"column":2},"end":{"line":47,"column":3}},"type":"if","locations":[{"start":{"line":45,"column":2},"end":{"line":47,"column":3}},{"start":{"line":45,"column":2},"end":{"line":47,"column":3}}],"line":45},"8":{"loc":{"start":{"line":45,"column":6},"end":{"line":45,"column":48}},"type":"binary-expr","locations":[{"start":{"line":45,"column":6},"end":{"line":45,"column":18}},{"start":{"line":45,"column":22},"end":{"line":45,"column":48}}],"line":45},"9":{"loc":{"start":{"line":48,"column":2},"end":{"line":50,"column":3}},"type":"if","locations":[{"start":{"line":48,"column":2},"end":{"line":50,"column":3}},{"start":{"line":48,"column":2},"end":{"line":50,"column":3}}],"line":48},"10":{"loc":{"start":{"line":48,"column":6},"end":{"line":48,"column":52}},"type":"binary-expr","locations":[{"start":{"line":48,"column":6},"end":{"line":48,"column":18}},{"start":{"line":48,"column":22},"end":{"line":48,"column":52}}],"line":48},"11":{"loc":{"start":{"line":51,"column":2},"end":{"line":53,"column":3}},"type":"if","locations":[{"start":{"line":51,"column":2},"end":{"line":53,"column":3}},{"start":{"line":51,"column":2},"end":{"line":53,"column":3}}],"line":51},"12":{"loc":{"start":{"line":51,"column":6},"end":{"line":51,"column":44}},"type":"binary-expr","locations":[{"start":{"line":51,"column":6},"end":{"line":51,"column":14}},{"start":{"line":51,"column":18},"end":{"line":51,"column":44}}],"line":51},"13":{"loc":{"start":{"line":54,"column":2},"end":{"line":56,"column":3}},"type":"if","locations":[{"start":{"line":54,"column":2},"end":{"line":56,"column":3}},{"start":{"line":54,"column":2},"end":{"line":56,"column":3}}],"line":54},"14":{"loc":{"start":{"line":54,"column":6},"end":{"line":54,"column":52}},"type":"binary-expr","locations":[{"start":{"line":54,"column":6},"end":{"line":54,"column":18}},{"start":{"line":54,"column":22},"end":{"line":54,"column":52}}],"line":54},"15":{"loc":{"start":{"line":57,"column":2},"end":{"line":59,"column":3}},"type":"if","locations":[{"start":{"line":57,"column":2},"end":{"line":59,"column":3}},{"start":{"line":57,"column":2},"end":{"line":59,"column":3}}],"line":57},"16":{"loc":{"start":{"line":57,"column":6},"end":{"line":57,"column":48}},"type":"binary-expr","locations":[{"start":{"line":57,"column":6},"end":{"line":57,"column":18}},{"start":{"line":57,"column":22},"end":{"line":57,"column":48}}],"line":57},"17":{"loc":{"start":{"line":65,"column":2},"end":{"line":67,"column":5}},"type":"if","locations":[{"start":{"line":65,"column":2},"end":{"line":67,"column":5}},{"start":{"line":65,"column":2},"end":{"line":67,"column":5}}],"line":65},"18":{"loc":{"start":{"line":65,"column":6},"end":{"line":65,"column":74}},"type":"binary-expr","locations":[{"start":{"line":65,"column":6},"end":{"line":65,"column":18}},{"start":{"line":65,"column":22},"end":{"line":65,"column":40}},{"start":{"line":65,"column":44},"end":{"line":65,"column":74}}],"line":65},"19":{"loc":{"start":{"line":68,"column":2},"end":{"line":70,"column":3}},"type":"if","locations":[{"start":{"line":68,"column":2},"end":{"line":70,"column":3}},{"start":{"line":68,"column":2},"end":{"line":70,"column":3}}],"line":68},"20":{"loc":{"start":{"line":68,"column":6},"end":{"line":68,"column":63}},"type":"binary-expr","locations":[{"start":{"line":68,"column":6},"end":{"line":68,"column":14}},{"start":{"line":68,"column":18},"end":{"line":68,"column":33}},{"start":{"line":68,"column":37},"end":{"line":68,"column":63}}],"line":68},"21":{"loc":{"start":{"line":71,"column":2},"end":{"line":73,"column":3}},"type":"if","locations":[{"start":{"line":71,"column":2},"end":{"line":73,"column":3}},{"start":{"line":71,"column":2},"end":{"line":73,"column":3}}],"line":71},"22":{"loc":{"start":{"line":71,"column":6},"end":{"line":71,"column":75}},"type":"binary-expr","locations":[{"start":{"line":71,"column":6},"end":{"line":71,"column":18}},{"start":{"line":71,"column":22},"end":{"line":71,"column":41}},{"start":{"line":71,"column":45},"end":{"line":71,"column":75}}],"line":71},"23":{"loc":{"start":{"line":74,"column":2},"end":{"line":76,"column":3}},"type":"if","locations":[{"start":{"line":74,"column":2},"end":{"line":76,"column":3}},{"start":{"line":74,"column":2},"end":{"line":76,"column":3}}],"line":74},"24":{"loc":{"start":{"line":74,"column":6},"end":{"line":74,"column":67}},"type":"binary-expr","locations":[{"start":{"line":74,"column":6},"end":{"line":74,"column":18}},{"start":{"line":74,"column":22},"end":{"line":74,"column":37}},{"start":{"line":74,"column":41},"end":{"line":74,"column":67}}],"line":74},"25":{"loc":{"start":{"line":77,"column":2},"end":{"line":79,"column":3}},"type":"if","locations":[{"start":{"line":77,"column":2},"end":{"line":79,"column":3}},{"start":{"line":77,"column":2},"end":{"line":79,"column":3}}],"line":77},"26":{"loc":{"start":{"line":77,"column":6},"end":{"line":77,"column":75}},"type":"binary-expr","locations":[{"start":{"line":77,"column":6},"end":{"line":77,"column":18}},{"start":{"line":77,"column":22},"end":{"line":77,"column":41}},{"start":{"line":77,"column":45},"end":{"line":77,"column":75}}],"line":77},"27":{"loc":{"start":{"line":80,"column":2},"end":{"line":82,"column":3}},"type":"if","locations":[{"start":{"line":80,"column":2},"end":{"line":82,"column":3}},{"start":{"line":80,"column":2},"end":{"line":82,"column":3}}],"line":80},"28":{"loc":{"start":{"line":80,"column":6},"end":{"line":80,"column":63}},"type":"binary-expr","locations":[{"start":{"line":80,"column":6},"end":{"line":80,"column":14}},{"start":{"line":80,"column":18},"end":{"line":80,"column":33}},{"start":{"line":80,"column":37},"end":{"line":80,"column":63}}],"line":80},"29":{"loc":{"start":{"line":83,"column":2},"end":{"line":85,"column":3}},"type":"if","locations":[{"start":{"line":83,"column":2},"end":{"line":85,"column":3}},{"start":{"line":83,"column":2},"end":{"line":85,"column":3}}],"line":83},"30":{"loc":{"start":{"line":83,"column":6},"end":{"line":83,"column":75}},"type":"binary-expr","locations":[{"start":{"line":83,"column":6},"end":{"line":83,"column":18}},{"start":{"line":83,"column":22},"end":{"line":83,"column":41}},{"start":{"line":83,"column":45},"end":{"line":83,"column":75}}],"line":83},"31":{"loc":{"start":{"line":86,"column":2},"end":{"line":88,"column":3}},"type":"if","locations":[{"start":{"line":86,"column":2},"end":{"line":88,"column":3}},{"start":{"line":86,"column":2},"end":{"line":88,"column":3}}],"line":86},"32":{"loc":{"start":{"line":86,"column":6},"end":{"line":86,"column":67}},"type":"binary-expr","locations":[{"start":{"line":86,"column":6},"end":{"line":86,"column":18}},{"start":{"line":86,"column":22},"end":{"line":86,"column":37}},{"start":{"line":86,"column":41},"end":{"line":86,"column":67}}],"line":86},"33":{"loc":{"start":{"line":97,"column":52},"end":{"line":97,"column":69}},"type":"default-arg","locations":[{"start":{"line":97,"column":64},"end":{"line":97,"column":69}}],"line":97},"34":{"loc":{"start":{"line":98,"column":2},"end":{"line":113,"column":3}},"type":"if","locations":[{"start":{"line":98,"column":2},"end":{"line":113,"column":3}},{"start":{"line":98,"column":2},"end":{"line":113,"column":3}}],"line":98},"35":{"loc":{"start":{"line":98,"column":6},"end":{"line":98,"column":30}},"type":"binary-expr","locations":[{"start":{"line":98,"column":6},"end":{"line":98,"column":17}},{"start":{"line":98,"column":21},"end":{"line":98,"column":30}}],"line":98},"36":{"loc":{"start":{"line":100,"column":4},"end":{"line":106,"column":5}},"type":"if","locations":[{"start":{"line":100,"column":4},"end":{"line":106,"column":5}},{"start":{"line":100,"column":4},"end":{"line":106,"column":5}}],"line":100},"37":{"loc":{"start":{"line":107,"column":9},"end":{"line":113,"column":3}},"type":"if","locations":[{"start":{"line":107,"column":9},"end":{"line":113,"column":3}},{"start":{"line":107,"column":9},"end":{"line":113,"column":3}}],"line":107},"38":{"loc":{"start":{"line":111,"column":9},"end":{"line":113,"column":3}},"type":"if","locations":[{"start":{"line":111,"column":9},"end":{"line":113,"column":3}},{"start":{"line":111,"column":9},"end":{"line":113,"column":3}}],"line":111},"39":{"loc":{"start":{"line":111,"column":13},"end":{"line":111,"column":45}},"type":"binary-expr","locations":[{"start":{"line":111,"column":13},"end":{"line":111,"column":25}},{"start":{"line":111,"column":29},"end":{"line":111,"column":31}},{"start":{"line":111,"column":35},"end":{"line":111,"column":45}}],"line":111},"40":{"loc":{"start":{"line":123,"column":10},"end":{"line":125,"column":11}},"type":"if","locations":[{"start":{"line":123,"column":10},"end":{"line":125,"column":11}},{"start":{"line":123,"column":10},"end":{"line":125,"column":11}}],"line":123},"41":{"loc":{"start":{"line":129,"column":6},"end":{"line":132,"column":7}},"type":"if","locations":[{"start":{"line":129,"column":6},"end":{"line":132,"column":7}},{"start":{"line":129,"column":6},"end":{"line":132,"column":7}}],"line":129},"42":{"loc":{"start":{"line":137,"column":10},"end":{"line":142,"column":11}},"type":"if","locations":[{"start":{"line":137,"column":10},"end":{"line":142,"column":11}},{"start":{"line":137,"column":10},"end":{"line":142,"column":11}}],"line":137},"43":{"loc":{"start":{"line":139,"column":12},"end":{"line":141,"column":13}},"type":"if","locations":[{"start":{"line":139,"column":12},"end":{"line":141,"column":13}},{"start":{"line":139,"column":12},"end":{"line":141,"column":13}}],"line":139}},"s":{"0":10,"1":10,"2":100,"3":100,"4":10,"5":10,"6":106,"7":106,"8":106,"9":106,"10":106,"11":6,"12":100,"13":106,"14":10,"15":10,"16":100,"17":10,"18":96,"19":21,"20":96,"21":9,"22":96,"23":46,"24":96,"25":15,"26":96,"27":6,"28":96,"29":10,"30":96,"31":11,"32":96,"33":6,"34":96,"35":136,"36":136,"37":10,"38":136,"39":14,"40":136,"41":13,"42":136,"43":5,"44":136,"45":9,"46":136,"47":9,"48":136,"49":7,"50":136,"51":5,"52":136,"53":31,"54":31,"55":126,"56":126,"57":126,"58":31,"59":31,"60":95,"61":95,"62":0,"63":0,"64":0,"65":0,"66":0,"67":0,"68":9,"69":9,"70":90,"71":900,"72":55,"73":9,"74":2,"75":2,"76":7,"77":7,"78":70,"79":70,"80":700,"81":700,"82":124,"83":124,"84":94,"85":7,"86":7,"87":2,"88":2,"89":5},"f":{"0":10,"1":106,"2":106,"3":10,"4":96,"5":136,"6":31,"7":126,"8":2,"9":9},"b":{"0":[6,100],"1":[21,75],"2":[96,87],"3":[9,87],"4":[96,96],"5":[46,50],"6":[96,89],"7":[15,81],"8":[96,89],"9":[6,90],"10":[96,89],"11":[10,86],"12":[96,96],"13":[11,85],"14":[96,87],"15":[6,90],"16":[96,87],"17":[10,126],"18":[136,120,82],"19":[14,122],"20":[136,136,110],"21":[13,123],"22":[136,124,58],"23":[5,131],"24":[136,124,99],"25":[9,127],"26":[136,124,98],"27":[9,127],"28":[136,136,103],"29":[7,129],"30":[136,120,90],"31":[5,131],"32":[136,120,106],"33":[2],"34":[126,0],"35":[126,124],"36":[31,95],"37":[0,0],"38":[0,0],"39":[0,0,0],"40":[55,845],"41":[2,7],"42":[124,576],"43":[94,30]},"_coverageSchema":"43e27e138ebf9cfc5966b082cf9a028302ed4184","hash":"855db4420ae536ecde3606547ef42604f553be11"}
}
