TN:
SF:/Users/manuelduran/Desktop/Projects/HRRPT/rpt14-mini-apps-2/challenge_4/client/app.jsx
FN:7,(anonymous_0)
FN:16,(anonymous_1)
FN:23,(anonymous_2)
FN:33,(anonymous_3)
FN:40,(anonymous_4)
FNF:5
FNH:5
FNDA:4,(anonymous_0)
FNDA:5,(anonymous_1)
FNDA:1,(anonymous_2)
FNDA:1,(anonymous_3)
FNDA:11,(anonymous_4)
DA:8,4
DA:9,4
DA:13,4
DA:17,5
DA:18,5
DA:24,1
DA:25,1
DA:26,1
DA:27,1
DA:28,1
DA:31,1
DA:34,1
DA:35,1
DA:36,1
DA:41,11
LF:15
LH:15
BRDA:43,0,0,7
BRDA:43,0,1,4
BRF:2
BRH:2
end_of_record
TN:
SF:/Users/manuelduran/Desktop/Projects/HRRPT/rpt14-mini-apps-2/challenge_4/client/components/Board.jsx
FN:4,Board
FN:5,(anonymous_1)
FNF:2
FNH:2
FNDA:8,Board
FNDA:80,(anonymous_1)
DA:5,8
DA:6,80
DA:9,8
LF:3
LH:3
BRF:0
BRH:0
end_of_record
TN:
SF:/Users/manuelduran/Desktop/Projects/HRRPT/rpt14-mini-apps-2/challenge_4/client/components/Cell.jsx
FN:3,Cell
FN:5,(anonymous_1)
FNF:2
FNH:2
FNDA:601,Cell
FNDA:1,(anonymous_1)
DA:4,601
DA:5,1
LF:2
LH:2
BRDA:6,0,0,15
BRDA:6,0,1,586
BRDA:6,1,0,601
BRDA:6,1,1,586
BRDA:9,2,0,18
BRDA:9,2,1,583
BRF:6
BRH:6
end_of_record
TN:
SF:/Users/manuelduran/Desktop/Projects/HRRPT/rpt14-mini-apps-2/challenge_4/client/components/Row.jsx
FN:4,Row
FN:5,(anonymous_1)
FNF:2
FNH:2
FNDA:62,Row
FNDA:620,(anonymous_1)
DA:5,62
DA:6,620
DA:8,62
LF:3
LH:3
BRF:0
BRH:0
end_of_record
TN:
SF:/Users/manuelduran/Desktop/Projects/HRRPT/rpt14-mini-apps-2/challenge_4/client/helpers/index.js
FN:1,createBoard
FN:11,createMine
FN:17,setMines
FN:27,setHiddenMines
FN:34,setAdjacentCells
FN:63,checkAdjacentCells
FN:92,setBoard
FN:97,handleCellOpen
FN:116,recursivelyOpen
FN:119,iterateBoard
FNF:10
FNH:10
FNDA:10,createBoard
FNDA:106,createMine
FNDA:106,setMines
FNDA:10,setHiddenMines
FNDA:96,setAdjacentCells
FNDA:136,checkAdjacentCells
FNDA:31,setBoard
FNDA:126,handleCellOpen
FNDA:2,recursivelyOpen
FNDA:9,iterateBoard
DA:2,10
DA:3,10
DA:4,100
DA:5,100
DA:7,10
DA:8,10
DA:12,106
DA:13,106
DA:14,106
DA:18,106
DA:19,106
DA:20,6
DA:22,100
DA:24,106
DA:28,10
DA:29,100
DA:31,10
DA:36,96
DA:37,21
DA:39,96
DA:40,9
DA:42,96
DA:43,46
DA:45,96
DA:46,15
DA:48,96
DA:49,6
DA:51,96
DA:52,10
DA:54,96
DA:55,11
DA:57,96
DA:58,6
DA:60,96
DA:64,136
DA:65,136
DA:66,10
DA:68,136
DA:69,14
DA:71,136
DA:72,13
DA:74,136
DA:75,5
DA:77,136
DA:78,9
DA:80,136
DA:81,9
DA:83,136
DA:84,7
DA:86,136
DA:87,5
DA:89,136
DA:93,31
DA:94,31
DA:98,126
DA:99,126
DA:100,126
DA:101,31
DA:102,31
DA:104,95
DA:105,95
DA:107,0
DA:108,0
DA:109,0
DA:110,0
DA:111,0
DA:112,0
DA:120,9
DA:121,9
DA:122,90
DA:123,900
DA:124,55
DA:129,9
DA:130,2
DA:131,2
DA:134,7
DA:135,70
DA:136,700
DA:137,700
DA:138,124
DA:139,124
DA:140,94
DA:145,7
DA:146,7
DA:149,2
DA:150,2
DA:153,5
LF:87
LH:81
BRDA:19,0,0,6
BRDA:19,0,1,100
BRDA:36,1,0,21
BRDA:36,1,1,75
BRDA:36,2,0,96
BRDA:36,2,1,87
BRDA:39,3,0,9
BRDA:39,3,1,87
BRDA:39,4,0,96
BRDA:39,4,1,96
BRDA:42,5,0,46
BRDA:42,5,1,50
BRDA:42,6,0,96
BRDA:42,6,1,89
BRDA:45,7,0,15
BRDA:45,7,1,81
BRDA:45,8,0,96
BRDA:45,8,1,89
BRDA:48,9,0,6
BRDA:48,9,1,90
BRDA:48,10,0,96
BRDA:48,10,1,89
BRDA:51,11,0,10
BRDA:51,11,1,86
BRDA:51,12,0,96
BRDA:51,12,1,96
BRDA:54,13,0,11
BRDA:54,13,1,85
BRDA:54,14,0,96
BRDA:54,14,1,87
BRDA:57,15,0,6
BRDA:57,15,1,90
BRDA:57,16,0,96
BRDA:57,16,1,87
BRDA:65,17,0,10
BRDA:65,17,1,126
BRDA:65,18,0,136
BRDA:65,18,1,120
BRDA:65,18,2,82
BRDA:68,19,0,14
BRDA:68,19,1,122
BRDA:68,20,0,136
BRDA:68,20,1,136
BRDA:68,20,2,110
BRDA:71,21,0,13
BRDA:71,21,1,123
BRDA:71,22,0,136
BRDA:71,22,1,124
BRDA:71,22,2,58
BRDA:74,23,0,5
BRDA:74,23,1,131
BRDA:74,24,0,136
BRDA:74,24,1,124
BRDA:74,24,2,99
BRDA:77,25,0,9
BRDA:77,25,1,127
BRDA:77,26,0,136
BRDA:77,26,1,124
BRDA:77,26,2,98
BRDA:80,27,0,9
BRDA:80,27,1,127
BRDA:80,28,0,136
BRDA:80,28,1,136
BRDA:80,28,2,103
BRDA:83,29,0,7
BRDA:83,29,1,129
BRDA:83,30,0,136
BRDA:83,30,1,120
BRDA:83,30,2,90
BRDA:86,31,0,5
BRDA:86,31,1,131
BRDA:86,32,0,136
BRDA:86,32,1,120
BRDA:86,32,2,106
BRDA:97,33,0,2
BRDA:98,34,0,126
BRDA:98,34,1,0
BRDA:98,35,0,126
BRDA:98,35,1,124
BRDA:100,36,0,31
BRDA:100,36,1,95
BRDA:107,37,0,0
BRDA:107,37,1,0
BRDA:111,38,0,0
BRDA:111,38,1,0
BRDA:111,39,0,0
BRDA:111,39,1,0
BRDA:111,39,2,0
BRDA:123,40,0,55
BRDA:123,40,1,845
BRDA:129,41,0,2
BRDA:129,41,1,7
BRDA:137,42,0,124
BRDA:137,42,1,576
BRDA:139,43,0,94
BRDA:139,43,1,30
BRF:96
BRH:88
end_of_record
