TN:
SF:/Users/manuelduran/Desktop/Projects/HRRPT/rpt14-mini-apps-2/challenge_4/client/app.jsx
FN:7,(anonymous_0)
FN:16,(anonymous_1)
FN:23,(anonymous_2)
FN:32,(anonymous_3)
FNF:4
FNH:4
FNDA:4,(anonymous_0)
FNDA:5,(anonymous_1)
FNDA:1,(anonymous_2)
FNDA:10,(anonymous_3)
DA:8,4
DA:9,4
DA:13,4
DA:17,5
DA:18,5
DA:24,1
DA:25,1
DA:26,1
DA:27,1
DA:33,10
LF:10
LH:10
BRDA:35,0,0,6
BRDA:35,0,1,4
BRF:2
BRH:2
end_of_record
TN:
SF:/Users/manuelduran/Desktop/Projects/HRRPT/rpt14-mini-apps-2/challenge_4/client/components/Board.jsx
FN:4,Board
FN:5,(anonymous_1)
FNF:2
FNH:2
FNDA:7,Board
FNDA:70,(anonymous_1)
DA:5,7
DA:6,70
DA:9,7
LF:3
LH:3
BRF:0
BRH:0
end_of_record
TN:
SF:/Users/manuelduran/Desktop/Projects/HRRPT/rpt14-mini-apps-2/challenge_4/client/components/Cell.jsx
FN:3,Cell
FN:5,(anonymous_1)
FNF:2
FNH:2
FNDA:500,Cell
FNDA:1,(anonymous_1)
DA:4,500
DA:5,1
LF:2
LH:2
BRF:0
BRH:0
end_of_record
TN:
SF:/Users/manuelduran/Desktop/Projects/HRRPT/rpt14-mini-apps-2/challenge_4/client/components/Row.jsx
FN:4,Row
FN:5,(anonymous_1)
FNF:2
FNH:2
FNDA:51,Row
FNDA:510,(anonymous_1)
DA:5,51
DA:6,510
DA:8,51
LF:3
LH:3
BRF:0
BRH:0
end_of_record
TN:
SF:/Users/manuelduran/Desktop/Projects/HRRPT/rpt14-mini-apps-2/challenge_4/client/helpers/index.js
FN:1,createBoard
FN:11,createMine
FN:17,setMines
FN:27,setHiddenMines
FNF:4
FNH:4
FNDA:8,createBoard
FNDA:84,createMine
FNDA:84,setMines
FNDA:8,setHiddenMines
DA:2,8
DA:3,8
DA:4,80
DA:5,80
DA:7,8
DA:8,8
DA:12,84
DA:13,84
DA:14,84
DA:18,84
DA:19,84
DA:20,4
DA:22,80
DA:24,84
DA:28,8
DA:29,80
DA:31,8
DA:34,4
LF:18
LH:18
BRDA:19,0,0,4
BRDA:19,0,1,80
BRF:2
BRH:2
end_of_record
