<?xml version="1.0" encoding="UTF-8"?>
<coverage generated="1570732665574" clover="3.2.0">
  <project timestamp="1570732665575" name="All files">
    <metrics statements="128" coveredstatements="98" conditionals="113" coveredconditionals="100" methods="27" coveredmethods="16" elements="268" coveredelements="214" complexity="0" loc="128" ncloc="128" packages="7" files="9" classes="9"/>
    <package name="client">
      <metrics statements="21" coveredstatements="2" conditionals="2" coveredconditionals="0" methods="8" coveredmethods="0"/>
      <file name="app.jsx" path="/Users/manuelduran/Desktop/Projects/HRRPT/rpt14-mini-apps-2/challenge_4/client/app.jsx">
        <metrics statements="21" coveredstatements="2" conditionals="2" coveredconditionals="0" methods="8" coveredmethods="0"/>
        <line num="10" count="1" type="stmt"/>
        <line num="11" count="0" type="stmt"/>
        <line num="18" count="0" type="stmt"/>
        <line num="19" count="0" type="stmt"/>
        <line num="20" count="0" type="stmt"/>
        <line num="26" count="0" type="stmt"/>
        <line num="27" count="0" type="stmt"/>
        <line num="31" count="0" type="stmt"/>
        <line num="35" count="0" type="stmt"/>
        <line num="37" count="0" type="stmt"/>
        <line num="44" count="0" type="stmt"/>
        <line num="45" count="0" type="stmt"/>
        <line num="46" count="0" type="stmt"/>
        <line num="47" count="0" type="stmt"/>
        <line num="48" count="0" type="stmt"/>
        <line num="51" count="0" type="stmt"/>
        <line num="54" count="0" type="stmt"/>
        <line num="55" count="0" type="stmt"/>
        <line num="57" count="0" type="stmt"/>
        <line num="62" count="0" type="stmt"/>
        <line num="80" count="1" type="stmt"/>
      </file>
    </package>
    <package name="client.components">
      <metrics statements="9" coveredstatements="8" conditionals="8" coveredconditionals="8" methods="6" coveredmethods="5"/>
      <file name="Board.jsx" path="/Users/manuelduran/Desktop/Projects/HRRPT/rpt14-mini-apps-2/challenge_4/client/components/Board.jsx">
        <metrics statements="3" coveredstatements="3" conditionals="0" coveredconditionals="0" methods="2" coveredmethods="2"/>
        <line num="14" count="2" type="stmt"/>
        <line num="15" count="20" type="stmt"/>
        <line num="18" count="2" type="stmt"/>
      </file>
      <file name="Cell.jsx" path="/Users/manuelduran/Desktop/Projects/HRRPT/rpt14-mini-apps-2/challenge_4/client/components/Cell.jsx">
        <metrics statements="3" coveredstatements="2" conditionals="8" coveredconditionals="8" methods="2" coveredmethods="1"/>
        <line num="5" count="2" type="stmt"/>
        <line num="8" count="2" type="stmt"/>
        <line num="10" count="0" type="stmt"/>
      </file>
      <file name="Row.jsx" path="/Users/manuelduran/Desktop/Projects/HRRPT/rpt14-mini-apps-2/challenge_4/client/components/Row.jsx">
        <metrics statements="3" coveredstatements="3" conditionals="0" coveredconditionals="0" methods="2" coveredmethods="2"/>
        <line num="6" count="2" type="stmt"/>
        <line num="7" count="20" type="stmt"/>
        <line num="9" count="2" type="stmt"/>
      </file>
    </package>
    <package name="client.helpers">
      <metrics statements="87" coveredstatements="81" conditionals="96" coveredconditionals="88" methods="10" coveredmethods="10"/>
      <file name="index.js" path="/Users/manuelduran/Desktop/Projects/HRRPT/rpt14-mini-apps-2/challenge_4/client/helpers/index.js">
        <metrics statements="87" coveredstatements="81" conditionals="96" coveredconditionals="88" methods="10" coveredmethods="10"/>
        <line num="2" count="5" type="stmt"/>
        <line num="3" count="5" type="stmt"/>
        <line num="4" count="50" type="stmt"/>
        <line num="5" count="50" type="stmt"/>
        <line num="7" count="5" type="stmt"/>
        <line num="8" count="5" type="stmt"/>
        <line num="12" count="52" type="stmt"/>
        <line num="13" count="52" type="stmt"/>
        <line num="14" count="52" type="stmt"/>
        <line num="18" count="52" type="stmt"/>
        <line num="19" count="52" type="cond" truecount="2" falsecount="0"/>
        <line num="20" count="2" type="stmt"/>
        <line num="22" count="50" type="stmt"/>
        <line num="24" count="52" type="stmt"/>
        <line num="28" count="5" type="stmt"/>
        <line num="29" count="50" type="stmt"/>
        <line num="31" count="5" type="stmt"/>
        <line num="36" count="77" type="cond" truecount="4" falsecount="0"/>
        <line num="37" count="20" type="stmt"/>
        <line num="39" count="77" type="cond" truecount="4" falsecount="0"/>
        <line num="40" count="4" type="stmt"/>
        <line num="42" count="77" type="cond" truecount="4" falsecount="0"/>
        <line num="43" count="28" type="stmt"/>
        <line num="45" count="77" type="cond" truecount="4" falsecount="0"/>
        <line num="46" count="7" type="stmt"/>
        <line num="48" count="77" type="cond" truecount="4" falsecount="0"/>
        <line num="49" count="6" type="stmt"/>
        <line num="51" count="77" type="cond" truecount="4" falsecount="0"/>
        <line num="52" count="9" type="stmt"/>
        <line num="54" count="77" type="cond" truecount="4" falsecount="0"/>
        <line num="55" count="11" type="stmt"/>
        <line num="57" count="77" type="cond" truecount="4" falsecount="0"/>
        <line num="58" count="6" type="stmt"/>
        <line num="60" count="77" type="stmt"/>
        <line num="64" count="102" type="stmt"/>
        <line num="65" count="102" type="cond" truecount="5" falsecount="0"/>
        <line num="66" count="7" type="stmt"/>
        <line num="68" count="102" type="cond" truecount="5" falsecount="0"/>
        <line num="69" count="10" type="stmt"/>
        <line num="71" count="102" type="cond" truecount="5" falsecount="0"/>
        <line num="72" count="7" type="stmt"/>
        <line num="74" count="102" type="cond" truecount="5" falsecount="0"/>
        <line num="75" count="2" type="stmt"/>
        <line num="77" count="102" type="cond" truecount="5" falsecount="0"/>
        <line num="78" count="7" type="stmt"/>
        <line num="80" count="102" type="cond" truecount="5" falsecount="0"/>
        <line num="81" count="9" type="stmt"/>
        <line num="83" count="102" type="cond" truecount="5" falsecount="0"/>
        <line num="84" count="7" type="stmt"/>
        <line num="86" count="102" type="cond" truecount="5" falsecount="0"/>
        <line num="87" count="4" type="stmt"/>
        <line num="89" count="102" type="stmt"/>
        <line num="93" count="16" type="stmt"/>
        <line num="94" count="16" type="stmt"/>
        <line num="98" count="92" type="cond" truecount="3" falsecount="1"/>
        <line num="99" count="92" type="stmt"/>
        <line num="100" count="92" type="cond" truecount="2" falsecount="0"/>
        <line num="101" count="16" type="stmt"/>
        <line num="102" count="16" type="stmt"/>
        <line num="104" count="76" type="stmt"/>
        <line num="105" count="76" type="stmt"/>
        <line num="107" count="0" type="cond" truecount="0" falsecount="2"/>
        <line num="108" count="0" type="stmt"/>
        <line num="109" count="0" type="stmt"/>
        <line num="110" count="0" type="stmt"/>
        <line num="111" count="0" type="cond" truecount="0" falsecount="5"/>
        <line num="112" count="0" type="stmt"/>
        <line num="120" count="6" type="stmt"/>
        <line num="121" count="6" type="stmt"/>
        <line num="122" count="60" type="stmt"/>
        <line num="123" count="600" type="cond" truecount="2" falsecount="0"/>
        <line num="124" count="50" type="stmt"/>
        <line num="129" count="6" type="cond" truecount="2" falsecount="0"/>
        <line num="130" count="1" type="stmt"/>
        <line num="131" count="1" type="stmt"/>
        <line num="134" count="5" type="stmt"/>
        <line num="135" count="50" type="stmt"/>
        <line num="136" count="500" type="stmt"/>
        <line num="137" count="500" type="cond" truecount="2" falsecount="0"/>
        <line num="138" count="91" type="stmt"/>
        <line num="139" count="91" type="cond" truecount="2" falsecount="0"/>
        <line num="140" count="76" type="stmt"/>
        <line num="145" count="5" type="stmt"/>
        <line num="146" count="5" type="stmt"/>
        <line num="149" count="1" type="stmt"/>
        <line num="150" count="1" type="stmt"/>
        <line num="153" count="5" type="stmt"/>
      </file>
    </package>
    <package name="client.redux.actions">
      <metrics statements="2" coveredstatements="0" conditionals="0" coveredconditionals="0" methods="2" coveredmethods="0"/>
      <file name="index.js" path="/Users/manuelduran/Desktop/Projects/HRRPT/rpt14-mini-apps-2/challenge_4/client/redux/actions/index.js">
        <metrics statements="2" coveredstatements="0" conditionals="0" coveredconditionals="0" methods="2" coveredmethods="0"/>
        <line num="4" count="0" type="stmt"/>
        <line num="8" count="0" type="stmt"/>
      </file>
    </package>
    <package name="client.redux.constants">
      <metrics statements="2" coveredstatements="2" conditionals="0" coveredconditionals="0" methods="0" coveredmethods="0"/>
      <file name="index.js" path="/Users/manuelduran/Desktop/Projects/HRRPT/rpt14-mini-apps-2/challenge_4/client/redux/constants/index.js">
        <metrics statements="2" coveredstatements="2" conditionals="0" coveredconditionals="0" methods="0" coveredmethods="0"/>
        <line num="1" count="1" type="stmt"/>
        <line num="2" count="1" type="stmt"/>
      </file>
    </package>
    <package name="client.redux.reducers">
      <metrics statements="6" coveredstatements="4" conditionals="5" coveredconditionals="3" methods="1" coveredmethods="1"/>
      <file name="index.js" path="/Users/manuelduran/Desktop/Projects/HRRPT/rpt14-mini-apps-2/challenge_4/client/redux/reducers/index.js">
        <metrics statements="6" coveredstatements="4" conditionals="5" coveredconditionals="3" methods="1" coveredmethods="1"/>
        <line num="3" count="1" type="stmt"/>
        <line num="9" count="1" type="cond" truecount="1" falsecount="1"/>
        <line num="10" count="0" type="stmt"/>
        <line num="13" count="1" type="cond" truecount="1" falsecount="1"/>
        <line num="14" count="0" type="stmt"/>
        <line num="18" count="1" type="stmt"/>
      </file>
    </package>
    <package name="client.redux.store">
      <metrics statements="1" coveredstatements="1" conditionals="2" coveredconditionals="1" methods="0" coveredmethods="0"/>
      <file name="index.js" path="/Users/manuelduran/Desktop/Projects/HRRPT/rpt14-mini-apps-2/challenge_4/client/redux/store/index.js">
        <metrics statements="1" coveredstatements="1" conditionals="2" coveredconditionals="1" methods="0" coveredmethods="0"/>
        <line num="4" count="1" type="cond" truecount="1" falsecount="1"/>
      </file>
    </package>
  </project>
</coverage>
