TN:
SF:/Users/manuelduran/Desktop/Projects/HRRPT/rpt14-mini-apps-2/challenge_4/client/app.jsx
FN:10,(anonymous_0)
FN:17,mapDispatchToProps
FN:19,(anonymous_2)
FN:20,(anonymous_3)
FN:25,(anonymous_4)
FN:34,(anonymous_5)
FN:43,(anonymous_6)
FN:61,(anonymous_7)
FNF:8
FNH:0
FNDA:0,(anonymous_0)
FNDA:0,mapDispatchToProps
FNDA:0,(anonymous_2)
FNDA:0,(anonymous_3)
FNDA:0,(anonymous_4)
FNDA:0,(anonymous_5)
FNDA:0,(anonymous_6)
FNDA:0,(anonymous_7)
DA:10,1
DA:11,0
DA:18,0
DA:19,0
DA:20,0
DA:26,0
DA:27,0
DA:31,0
DA:35,0
DA:37,0
DA:44,0
DA:45,0
DA:46,0
DA:47,0
DA:48,0
DA:51,0
DA:54,0
DA:55,0
DA:57,0
DA:62,0
DA:80,1
LF:21
LH:2
BRDA:69,0,0,0
BRDA:69,0,1,0
BRF:2
BRH:0
end_of_record
TN:
SF:/Users/manuelduran/Desktop/Projects/HRRPT/rpt14-mini-apps-2/challenge_4/client/components/Board.jsx
FN:12,Board
FN:14,(anonymous_1)
FNF:2
FNH:2
FNDA:2,Board
FNDA:20,(anonymous_1)
DA:14,2
DA:15,20
DA:18,2
LF:3
LH:3
BRF:0
BRH:0
end_of_record
TN:
SF:/Users/manuelduran/Desktop/Projects/HRRPT/rpt14-mini-apps-2/challenge_4/client/components/Cell.jsx
FN:4,Cell
FN:10,(anonymous_1)
FNF:2
FNH:1
FNDA:2,Cell
FNDA:0,(anonymous_1)
DA:5,2
DA:8,2
DA:10,0
LF:3
LH:2
BRDA:11,0,0,1
BRDA:11,0,1,1
BRDA:11,1,0,2
BRDA:11,1,1,1
BRDA:16,2,0,1
BRDA:16,2,1,1
BRDA:16,3,0,2
BRDA:16,3,1,1
BRF:8
BRH:8
end_of_record
TN:
SF:/Users/manuelduran/Desktop/Projects/HRRPT/rpt14-mini-apps-2/challenge_4/client/components/Row.jsx
FN:5,Row
FN:6,(anonymous_1)
FNF:2
FNH:2
FNDA:2,Row
FNDA:20,(anonymous_1)
DA:6,2
DA:7,20
DA:9,2
LF:3
LH:3
BRF:0
BRH:0
end_of_record
TN:
SF:/Users/manuelduran/Desktop/Projects/HRRPT/rpt14-mini-apps-2/challenge_4/client/helpers/index.js
FN:1,createBoard
FN:11,createMine
FN:17,setMines
FN:27,setHiddenMines
FN:34,setAdjacentCells
FN:63,checkAdjacentCells
FN:92,setBoard
FN:97,handleCellOpen
FN:116,recursivelyOpen
FN:119,iterateBoard
FNF:10
FNH:10
FNDA:5,createBoard
FNDA:52,createMine
FNDA:52,setMines
FNDA:5,setHiddenMines
FNDA:77,setAdjacentCells
FNDA:102,checkAdjacentCells
FNDA:16,setBoard
FNDA:92,handleCellOpen
FNDA:1,recursivelyOpen
FNDA:6,iterateBoard
DA:2,5
DA:3,5
DA:4,50
DA:5,50
DA:7,5
DA:8,5
DA:12,52
DA:13,52
DA:14,52
DA:18,52
DA:19,52
DA:20,2
DA:22,50
DA:24,52
DA:28,5
DA:29,50
DA:31,5
DA:36,77
DA:37,20
DA:39,77
DA:40,4
DA:42,77
DA:43,28
DA:45,77
DA:46,7
DA:48,77
DA:49,6
DA:51,77
DA:52,9
DA:54,77
DA:55,11
DA:57,77
DA:58,6
DA:60,77
DA:64,102
DA:65,102
DA:66,7
DA:68,102
DA:69,10
DA:71,102
DA:72,7
DA:74,102
DA:75,2
DA:77,102
DA:78,7
DA:80,102
DA:81,9
DA:83,102
DA:84,7
DA:86,102
DA:87,4
DA:89,102
DA:93,16
DA:94,16
DA:98,92
DA:99,92
DA:100,92
DA:101,16
DA:102,16
DA:104,76
DA:105,76
DA:107,0
DA:108,0
DA:109,0
DA:110,0
DA:111,0
DA:112,0
DA:120,6
DA:121,6
DA:122,60
DA:123,600
DA:124,50
DA:129,6
DA:130,1
DA:131,1
DA:134,5
DA:135,50
DA:136,500
DA:137,500
DA:138,91
DA:139,91
DA:140,76
DA:145,5
DA:146,5
DA:149,1
DA:150,1
DA:153,5
LF:87
LH:81
BRDA:19,0,0,2
BRDA:19,0,1,50
BRDA:36,1,0,20
BRDA:36,1,1,57
BRDA:36,2,0,77
BRDA:36,2,1,73
BRDA:39,3,0,4
BRDA:39,3,1,73
BRDA:39,4,0,77
BRDA:39,4,1,77
BRDA:42,5,0,28
BRDA:42,5,1,49
BRDA:42,6,0,77
BRDA:42,6,1,70
BRDA:45,7,0,7
BRDA:45,7,1,70
BRDA:45,8,0,77
BRDA:45,8,1,70
BRDA:48,9,0,6
BRDA:48,9,1,71
BRDA:48,10,0,77
BRDA:48,10,1,70
BRDA:51,11,0,9
BRDA:51,11,1,68
BRDA:51,12,0,77
BRDA:51,12,1,77
BRDA:54,13,0,11
BRDA:54,13,1,66
BRDA:54,14,0,77
BRDA:54,14,1,73
BRDA:57,15,0,6
BRDA:57,15,1,71
BRDA:57,16,0,77
BRDA:57,16,1,73
BRDA:65,17,0,7
BRDA:65,17,1,95
BRDA:65,18,0,102
BRDA:65,18,1,92
BRDA:65,18,2,59
BRDA:68,19,0,10
BRDA:68,19,1,92
BRDA:68,20,0,102
BRDA:68,20,1,102
BRDA:68,20,2,87
BRDA:71,21,0,7
BRDA:71,21,1,95
BRDA:71,22,0,102
BRDA:71,22,1,90
BRDA:71,22,2,51
BRDA:74,23,0,2
BRDA:74,23,1,100
BRDA:74,24,0,102
BRDA:74,24,1,90
BRDA:74,24,2,76
BRDA:77,25,0,7
BRDA:77,25,1,95
BRDA:77,26,0,102
BRDA:77,26,1,90
BRDA:77,26,2,75
BRDA:80,27,0,9
BRDA:80,27,1,93
BRDA:80,28,0,102
BRDA:80,28,1,102
BRDA:80,28,2,80
BRDA:83,29,0,7
BRDA:83,29,1,95
BRDA:83,30,0,102
BRDA:83,30,1,92
BRDA:83,30,2,70
BRDA:86,31,0,4
BRDA:86,31,1,98
BRDA:86,32,0,102
BRDA:86,32,1,92
BRDA:86,32,2,78
BRDA:97,33,0,1
BRDA:98,34,0,92
BRDA:98,34,1,0
BRDA:98,35,0,92
BRDA:98,35,1,91
BRDA:100,36,0,16
BRDA:100,36,1,76
BRDA:107,37,0,0
BRDA:107,37,1,0
BRDA:111,38,0,0
BRDA:111,38,1,0
BRDA:111,39,0,0
BRDA:111,39,1,0
BRDA:111,39,2,0
BRDA:123,40,0,50
BRDA:123,40,1,550
BRDA:129,41,0,1
BRDA:129,41,1,5
BRDA:137,42,0,91
BRDA:137,42,1,409
BRDA:139,43,0,76
BRDA:139,43,1,15
BRF:96
BRH:88
end_of_record
TN:
SF:/Users/manuelduran/Desktop/Projects/HRRPT/rpt14-mini-apps-2/challenge_4/client/redux/actions/index.js
FN:3,setBoard
FN:7,setCoords
FNF:2
FNH:0
FNDA:0,setBoard
FNDA:0,setCoords
DA:4,0
DA:8,0
LF:2
LH:0
BRF:0
BRH:0
end_of_record
TN:
SF:/Users/manuelduran/Desktop/Projects/HRRPT/rpt14-mini-apps-2/challenge_4/client/redux/constants/index.js
FNF:0
FNH:0
DA:1,1
DA:2,1
LF:2
LH:2
BRF:0
BRH:0
end_of_record
TN:
SF:/Users/manuelduran/Desktop/Projects/HRRPT/rpt14-mini-apps-2/challenge_4/client/redux/reducers/index.js
FN:8,rootReducer
FNF:1
FNH:1
FNDA:1,rootReducer
DA:3,1
DA:9,1
DA:10,0
DA:13,1
DA:14,0
DA:18,1
LF:6
LH:4
BRDA:8,0,0,1
BRDA:9,1,0,0
BRDA:9,1,1,1
BRDA:13,2,0,0
BRDA:13,2,1,1
BRF:5
BRH:3
end_of_record
TN:
SF:/Users/manuelduran/Desktop/Projects/HRRPT/rpt14-mini-apps-2/challenge_4/client/redux/store/index.js
FNF:0
FNH:0
DA:4,1
LF:1
LH:1
BRDA:4,0,0,1
BRDA:4,0,1,0
BRF:2
BRH:1
end_of_record
